{"C:\\vs code\\Timelog-App\\scripts\\themes.js": {"path":"C:\\vs code\\Timelog-App\\scripts\\themes.js","statementMap":{"0":{"start":{"line":2,"column":20},"end":{"line":2,"column":57}},"1":{"start":{"line":3,"column":22},"end":{"line":3,"column":30}},"2":{"start":{"line":4,"column":4},"end":{"line":4,"column":71}},"3":{"start":{"line":5,"column":4},"end":{"line":5,"column":21}},"4":{"start":{"line":9,"column":4},"end":{"line":9,"column":56}},"5":{"start":{"line":12,"column":0},"end":{"line":14,"column":1}},"6":{"start":{"line":13,"column":4},"end":{"line":13,"column":59}}},"fnMap":{"0":{"name":"toggleThemeLogic","decl":{"start":{"line":1,"column":9},"end":{"line":1,"column":25}},"loc":{"start":{"line":1,"column":51},"end":{"line":6,"column":1}},"line":1},"1":{"name":"getInitialTheme","decl":{"start":{"line":8,"column":9},"end":{"line":8,"column":24}},"loc":{"start":{"line":8,"column":34},"end":{"line":10,"column":1}},"line":8}},"branchMap":{"0":{"loc":{"start":{"line":4,"column":35},"end":{"line":4,"column":69}},"type":"cond-expr","locations":[{"start":{"line":4,"column":47},"end":{"line":4,"column":56}},{"start":{"line":4,"column":59},"end":{"line":4,"column":69}}],"line":4},"1":{"loc":{"start":{"line":12,"column":0},"end":{"line":14,"column":1}},"type":"if","locations":[{"start":{"line":12,"column":0},"end":{"line":14,"column":1}},{"start":{},"end":{}}],"line":12},"2":{"loc":{"start":{"line":12,"column":4},"end":{"line":12,"column":51}},"type":"binary-expr","locations":[{"start":{"line":12,"column":4},"end":{"line":12,"column":33}},{"start":{"line":12,"column":37},"end":{"line":12,"column":51}}],"line":12}},"s":{"0":2,"1":2,"2":2,"3":2,"4":1,"5":1,"6":1},"f":{"0":2,"1":1},"b":{"0":[1,1],"1":[1,0],"2":[1,1]},"_coverageSchema":"1a1c01bbd47fc00a2c39e90264f33305004495a9","hash":"bd2fc28e0be5e58e3d71c1ea37386ceae1f6725c"}
}
