TN:
SF:scripts\navigation.js
FN:2,setupTrackersMenu
FN:8,(anonymous_1)
FNF:2
FNH:2
FNDA:2,setupTrackersMenu
FNDA:3,(anonymous_1)
DA:3,2
DA:4,2
DA:6,2
DA:8,2
DA:9,3
DA:10,3
DA:15,1
DA:16,1
LF:8
LH:8
BRDA:6,0,0,0
BRDA:6,0,1,2
BRDA:6,1,0,2
BRDA:6,1,1,2
BRDA:15,2,0,1
BRDA:15,3,0,1
BRDA:15,3,1,1
BRF:7
BRH:6
end_of_record
TN:
SF:scripts\training.js
FN:5,setupSetAndExerciseButtons
FN:16,(anonymous_1)
FN:23,(anonymous_2)
FNF:3
FNH:3
FNDA:3,setupSetAndExerciseButtons
FNDA:2,(anonymous_1)
FNDA:1,(anonymous_2)
DA:6,3
DA:7,3
DA:8,3
DA:9,3
DA:11,3
DA:13,3
DA:14,3
DA:16,3
DA:17,2
DA:19,1
DA:20,1
DA:23,3
DA:24,1
DA:26,1
DA:27,1
DA:32,1
DA:33,1
LF:17
LH:17
BRDA:11,0,0,0
BRDA:11,0,1,3
BRDA:11,1,0,3
BRDA:11,1,1,3
BRDA:11,1,2,3
BRDA:11,1,3,3
BRDA:17,2,0,1
BRDA:17,2,1,1
BRDA:17,3,0,2
BRDA:17,3,1,1
BRDA:24,4,0,0
BRDA:24,4,1,1
BRDA:24,5,0,1
BRDA:24,5,1,0
BRDA:32,6,0,1
BRDA:32,7,0,1
BRDA:32,7,1,1
BRF:17
BRH:14
end_of_record
