TN:
SF:scripts\script.js
FN:2,setupTrackersMenu
FN:8,(anonymous_1)
FN:25,formatTime
FN:31,updateDisplay
FN:35,startTimer
FN:38,(anonymous_5)
FN:44,pauseTimer
FN:50,stopTimer
FN:58,setupSetAndExerciseButtons
FN:71,(anonymous_9)
FN:79,(anonymous_10)
FNF:11
FNH:5
FNDA:2,setupTrackersMenu
FNDA:3,(anonymous_1)
FNDA:0,formatTime
FNDA:0,updateDisplay
FNDA:0,startTimer
FNDA:0,(anonymous_5)
FNDA:0,pauseTimer
FNDA:0,stopTimer
FNDA:2,setupSetAndExerciseButtons
FNDA:1,(anonymous_9)
FNDA:1,(anonymous_10)
DA:3,2
DA:4,2
DA:6,2
DA:8,2
DA:9,3
DA:10,3
DA:16,1
DA:17,1
DA:18,1
DA:19,1
DA:21,1
DA:22,1
DA:23,1
DA:26,0
DA:27,0
DA:28,0
DA:32,0
DA:36,0
DA:37,0
DA:38,0
DA:39,0
DA:40,0
DA:45,0
DA:46,0
DA:47,0
DA:51,0
DA:52,0
DA:53,0
DA:54,0
DA:59,2
DA:60,2
DA:61,2
DA:62,2
DA:65,2
DA:67,2
DA:68,2
DA:70,2
DA:71,1
DA:72,1
DA:73,1
DA:74,1
DA:78,2
DA:79,1
DA:80,1
DA:81,1
DA:82,1
DA:87,1
DA:88,0
DA:89,0
DA:92,1
DA:93,1
LF:51
LH:33
BRDA:6,0,0,0
BRDA:6,0,1,2
BRDA:6,1,0,2
BRDA:6,1,1,2
BRDA:36,2,0,0
BRDA:36,2,1,0
BRDA:45,3,0,0
BRDA:45,3,1,0
BRDA:65,4,0,0
BRDA:65,4,1,2
BRDA:65,5,0,2
BRDA:65,5,1,1
BRDA:70,6,0,1
BRDA:70,6,1,1
BRDA:70,7,0,2
BRDA:70,7,1,1
BRDA:72,8,0,0
BRDA:72,8,1,1
BRDA:78,9,0,1
BRDA:78,9,1,1
BRDA:78,10,0,2
BRDA:78,10,1,1
BRDA:80,11,0,0
BRDA:80,11,1,1
BRDA:87,12,0,0
BRDA:87,12,1,1
BRDA:92,13,0,1
BRDA:92,13,1,0
BRDA:92,14,0,1
BRDA:92,14,1,1
BRF:30
BRH:20
end_of_record
